<?xml version="1.0" encoding="UTF-8"?>
<testsuite xmlns:xsi="http://www.w3.org/2001/XMLSchema-instance" xsi:noNamespaceSchemaLocation="https://maven.apache.org/surefire/maven-surefire-plugin/xsd/surefire-test-report-3.0.xsd" version="3.0" name="com.example.cafemanagementsystem.CafeManagementSystemApplicationTests" time="9.732" tests="1" errors="0" skipped="0" failures="0">
  <properties>
[...]
</properties>
  <testcase name="contextLoads" classname="com.example.cafemanagementsystem.CafeManagementSystemApplicationTests" time="0.579">
    <system-out><![CDATA[17:54:49,962 |-INFO in ch.qos.logback.classic.LoggerContext[default] - This is logback-classic version 1.4.11
17:54:49,966 |-INFO in ch.qos.logback.classic.util.ContextInitializer@1fd14d74 - Here is a list of configurators discovered as a service, by rank: 
17:54:49,966 |-INFO in ch.qos.logback.classic.util.ContextInitializer@1fd14d74 -   org.springframework.boot.logging.logback.RootLogLevelConfigurator
17:54:49,966 |-INFO in ch.qos.logback.classic.util.ContextInitializer@1fd14d74 - They will be invoked in order until ExecutionStatus.DO_NOT_INVOKE_NEXT_IF_ANY is returned.
17:54:49,966 |-INFO in ch.qos.logback.classic.util.ContextInitializer@1fd14d74 - Constructed configurator of type class org.springframework.boot.logging.logback.RootLogLevelConfigurator
17:54:49,974 |-INFO in ch.qos.logback.classic.util.ContextInitializer@1fd14d74 - org.springframework.boot.logging.logback.RootLogLevelConfigurator.configure() call lasted 0 milliseconds. ExecutionStatus=INVOKE_NEXT_IF_ANY
17:54:49,974 |-INFO in ch.qos.logback.classic.util.ContextInitializer@1fd14d74 - Trying to configure with ch.qos.logback.classic.joran.SerializedModelConfigurator
17:54:49,975 |-INFO in ch.qos.logback.classic.util.ContextInitializer@1fd14d74 - Constructed configurator of type class ch.qos.logback.classic.joran.SerializedModelConfigurator
17:54:49,994 |-INFO in ch.qos.logback.classic.LoggerContext[default] - Could NOT find resource [logback-test.scmo]
17:54:49,994 |-INFO in ch.qos.logback.classic.LoggerContext[default] - Could NOT find resource [logback.scmo]
17:54:49,994 |-INFO in ch.qos.logback.classic.util.ContextInitializer@1fd14d74 - ch.qos.logback.classic.joran.SerializedModelConfigurator.configure() call lasted 19 milliseconds. ExecutionStatus=INVOKE_NEXT_IF_ANY
17:54:49,994 |-INFO in ch.qos.logback.classic.util.ContextInitializer@1fd14d74 - Trying to configure with ch.qos.logback.classic.util.DefaultJoranConfigurator
17:54:49,995 |-INFO in ch.qos.logback.classic.util.ContextInitializer@1fd14d74 - Constructed configurator of type class ch.qos.logback.classic.util.DefaultJoranConfigurator
17:54:49,995 |-INFO in ch.qos.logback.classic.LoggerContext[default] - Could NOT find resource [logback-test.xml]
17:54:49,997 |-INFO in ch.qos.logback.classic.LoggerContext[default] - Found resource [logback.xml] at [file:/C:/Users/ThinkPad/IdeaProjects/SpringBoot/CafeManagementSystem/target/classes/logback.xml]
17:54:50,112 |-INFO in ch.qos.logback.core.model.processor.AppenderModelHandler - Processing appender named [ConsoleOutput]
17:54:50,112 |-INFO in ch.qos.logback.core.model.processor.AppenderModelHandler - About to instantiate appender of type [ch.qos.logback.core.ConsoleAppender]
17:54:50,144 |-WARN in ch.qos.logback.core.ConsoleAppender[ConsoleOutput] - This appender no longer admits a layout as a sub-component, set an encoder instead.
17:54:50,144 |-WARN in ch.qos.logback.core.ConsoleAppender[ConsoleOutput] - To ensure compatibility, wrapping your layout in LayoutWrappingEncoder.
17:54:50,144 |-WARN in ch.qos.logback.core.ConsoleAppender[ConsoleOutput] - See also http://logback.qos.ch/codes.html#layoutInsteadOfEncoder for details
17:54:50,144 |-INFO in ch.qos.logback.core.model.processor.AppenderModelHandler - Processing appender named [LogFile]
17:54:50,144 |-INFO in ch.qos.logback.core.model.processor.AppenderModelHandler - About to instantiate appender of type [ch.qos.logback.core.rolling.RollingFileAppender]
17:54:50,158 |-INFO in c.q.l.core.rolling.TimeBasedRollingPolicy@1446922577 - No compression will be used
17:54:50,159 |-INFO in c.q.l.core.rolling.TimeBasedRollingPolicy@1446922577 - Will use the pattern ./logs/archived/application_logback-%d{yyyy-MM-dd}.%i.log for the active file
17:54:50,161 |-INFO in ch.qos.logback.core.rolling.SizeAndTimeBasedFNATP@4066c471 - The date pattern is 'yyyy-MM-dd' from file name pattern './logs/archived/application_logback-%d{yyyy-MM-dd}.%i.log'.
17:54:50,161 |-INFO in ch.qos.logback.core.rolling.SizeAndTimeBasedFNATP@4066c471 - Roll-over at midnight.
17:54:50,163 |-INFO in ch.qos.logback.core.rolling.SizeAndTimeBasedFNATP@4066c471 - Setting initial period to 2023-09-19T09:34:41.519Z
17:54:50,163 |-WARN in ch.qos.logback.core.rolling.SizeAndTimeBasedFNATP@4066c471 - SizeAndTimeBasedFNATP is deprecated. Use SizeAndTimeBasedRollingPolicy instead
17:54:50,163 |-WARN in ch.qos.logback.core.rolling.SizeAndTimeBasedFNATP@4066c471 - For more information see http://logback.qos.ch/manual/appenders.html#SizeAndTimeBasedRollingPolicy
17:54:50,168 |-INFO in ch.qos.logback.core.rolling.RollingFileAppender[LogFile] - Active log file name: ./logs/application_logback.log
17:54:50,168 |-INFO in ch.qos.logback.core.rolling.RollingFileAppender[LogFile] - File property is set to [./logs/application_logback.log]
17:54:50,169 |-INFO in ch.qos.logback.classic.model.processor.RootLoggerModelHandler - Setting level of ROOT logger to INFO
17:54:50,170 |-INFO in ch.qos.logback.core.model.processor.AppenderRefModelHandler - Attaching appender named [LogFile] to Logger[ROOT]
17:54:50,170 |-INFO in ch.qos.logback.core.model.processor.AppenderRefModelHandler - Attaching appender named [ConsoleOutput] to Logger[ROOT]
17:54:50,171 |-INFO in ch.qos.logback.classic.model.processor.LoggerModelHandler - Setting level of logger [com.log] to TRACE
17:54:50,172 |-INFO in ch.qos.logback.classic.model.processor.LoggerModelHandler - Setting additivity of logger [com.log] to false
17:54:50,172 |-INFO in ch.qos.logback.core.model.processor.AppenderRefModelHandler - Attaching appender named [LogFile] to Logger[com.log]
17:54:50,172 |-INFO in ch.qos.logback.core.model.processor.AppenderRefModelHandler - Attaching appender named [ConsoleOutput] to Logger[com.log]
17:54:50,172 |-INFO in ch.qos.logback.core.model.processor.DefaultProcessor@2b175c00 - End of configuration.
17:54:50,173 |-INFO in ch.qos.logback.classic.joran.JoranConfigurator@3eb81efb - Registering current configuration as safe fallback point
17:54:50,173 |-INFO in ch.qos.logback.classic.util.ContextInitializer@1fd14d74 - ch.qos.logback.classic.util.DefaultJoranConfigurator.configure() call lasted 178 milliseconds. ExecutionStatus=DO_NOT_INVOKE_NEXT_IF_ANY

&amp#27;[31m2023-09-19 17:54:50,342&amp#27;[0;39m &amp#27;[34mINFO &amp#27;[0;39m [&amp#27;[33mmain&amp#27;[0;39m] : Could not detect default configuration classes for test class [com.example.cafemanagementsystem.CafeManagementSystemApplicationTests]: CafeManagementSystemApplicationTests does not declare any static, non-private, non-final, nested classes annotated with @Configuration.
&amp#27;[31m2023-09-19 17:54:50,623&amp#27;[0;39m &amp#27;[34mINFO &amp#27;[0;39m [&amp#27;[33mmain&amp#27;[0;39m] : Found @SpringBootConfiguration com.example.cafemanagementsystem.CafeManagementSystemApplication for test class com.example.cafemanagementsystem.CafeManagementSystemApplicationTests
17:54:51,505 |-INFO in ch.qos.logback.core.model.processor.AppenderModelHandler - Processing appender named [ConsoleOutput]
17:54:51,505 |-INFO in ch.qos.logback.core.model.processor.AppenderModelHandler - About to instantiate appender of type [ch.qos.logback.core.ConsoleAppender]
17:54:51,506 |-WARN in ch.qos.logback.core.ConsoleAppender[ConsoleOutput] - This appender no longer admits a layout as a sub-component, set an encoder instead.
17:54:51,506 |-WARN in ch.qos.logback.core.ConsoleAppender[ConsoleOutput] - To ensure compatibility, wrapping your layout in LayoutWrappingEncoder.
17:54:51,506 |-WARN in ch.qos.logback.core.ConsoleAppender[ConsoleOutput] - See also http://logback.qos.ch/codes.html#layoutInsteadOfEncoder for details
17:54:51,507 |-INFO in ch.qos.logback.core.model.processor.AppenderModelHandler - Processing appender named [LogFile]
17:54:51,507 |-INFO in ch.qos.logback.core.model.processor.AppenderModelHandler - About to instantiate appender of type [ch.qos.logback.core.rolling.RollingFileAppender]
17:54:51,509 |-INFO in c.q.l.core.rolling.TimeBasedRollingPolicy@13643661 - No compression will be used
17:54:51,509 |-INFO in c.q.l.core.rolling.TimeBasedRollingPolicy@13643661 - Will use the pattern ./logs/archived/application_logback-%d{yyyy-MM-dd}.%i.log for the active file
17:54:51,509 |-INFO in ch.qos.logback.core.rolling.SizeAndTimeBasedFNATP@60baef24 - The date pattern is 'yyyy-MM-dd' from file name pattern './logs/archived/application_logback-%d{yyyy-MM-dd}.%i.log'.
17:54:51,509 |-INFO in ch.qos.logback.core.rolling.SizeAndTimeBasedFNATP@60baef24 - Roll-over at midnight.
17:54:51,510 |-INFO in ch.qos.logback.core.rolling.SizeAndTimeBasedFNATP@60baef24 - Setting initial period to 2023-09-19T12:09:50.624Z
17:54:51,510 |-WARN in ch.qos.logback.core.rolling.SizeAndTimeBasedFNATP@60baef24 - SizeAndTimeBasedFNATP is deprecated. Use SizeAndTimeBasedRollingPolicy instead
17:54:51,510 |-WARN in ch.qos.logback.core.rolling.SizeAndTimeBasedFNATP@60baef24 - For more information see http://logback.qos.ch/manual/appenders.html#SizeAndTimeBasedRollingPolicy
17:54:51,512 |-INFO in ch.qos.logback.core.rolling.RollingFileAppender[LogFile] - Active log file name: ./logs/application_logback.log
17:54:51,512 |-INFO in ch.qos.logback.core.rolling.RollingFileAppender[LogFile] - File property is set to [./logs/application_logback.log]
17:54:51,514 |-INFO in ch.qos.logback.classic.model.processor.RootLoggerModelHandler - Setting level of ROOT logger to INFO
17:54:51,515 |-INFO in ch.qos.logback.classic.jul.LevelChangePropagator@61533ae - Propagating INFO level on Logger[ROOT] onto the JUL framework
17:54:51,518 |-INFO in ch.qos.logback.core.model.processor.AppenderRefModelHandler - Attaching appender named [LogFile] to Logger[ROOT]
17:54:51,518 |-INFO in ch.qos.logback.core.model.processor.AppenderRefModelHandler - Attaching appender named [ConsoleOutput] to Logger[ROOT]
17:54:51,518 |-INFO in ch.qos.logback.classic.model.processor.LoggerModelHandler - Setting level of logger [com.log] to TRACE
17:54:51,518 |-INFO in ch.qos.logback.classic.jul.LevelChangePropagator@61533ae - Propagating TRACE level on Logger[com.log] onto the JUL framework
17:54:51,518 |-INFO in ch.qos.logback.classic.model.processor.LoggerModelHandler - Setting additivity of logger [com.log] to false
17:54:51,518 |-INFO in ch.qos.logback.core.model.processor.AppenderRefModelHandler - Attaching appender named [LogFile] to Logger[com.log]
17:54:51,518 |-INFO in ch.qos.logback.core.model.processor.AppenderRefModelHandler - Attaching appender named [ConsoleOutput] to Logger[com.log]
17:54:51,518 |-INFO in ch.qos.logback.core.model.processor.DefaultProcessor@732bb66d - End of configuration.
17:54:51,518 |-INFO in org.springframework.boot.logging.logback.SpringBootJoranConfigurator@720653c2 - Registering current configuration as safe fallback point


  .   ____          _            __ _ _
 /\\ / ___'_ __ _ _(_)_ __  __ _ \ \ \ \
( ( )\___ | '_ | '_| | '_ \/ _` | \ \ \ \
 \\/  ___)| |_)| | | | | || (_| |  ) ) ) )
  '  |____| .__|_| |_|_| |_\__, | / / / /
 =========|_|==============|___/=/_/_/_/
 :: Spring Boot ::                (v3.1.3)

&amp#27;[31m2023-09-19 17:54:51,964&amp#27;[0;39m &amp#27;[34mINFO &amp#27;[0;39m [&amp#27;[33mmain&amp#27;[0;39m] : Starting CafeManagementSystemApplicationTests using Java 17.0.8 with PID 15304 (started by ThinkPad in C:\Users\ThinkPad\IdeaProjects\SpringBoot\CafeManagementSystem)
&amp#27;[31m2023-09-19 17:54:51,968&amp#27;[0;39m &amp#27;[34mINFO &amp#27;[0;39m [&amp#27;[33mmain&amp#27;[0;39m] : No active profile set, falling back to 1 default profile: "default"
&amp#27;[31m2023-09-19 17:54:53,453&amp#27;[0;39m &amp#27;[34mINFO &amp#27;[0;39m [&amp#27;[33mmain&amp#27;[0;39m] : Bootstrapping Spring Data JPA repositories in DEFAULT mode.
&amp#27;[31m2023-09-19 17:54:53,534&amp#27;[0;39m &amp#27;[34mINFO &amp#27;[0;39m [&amp#27;[33mmain&amp#27;[0;39m] : Finished Spring Data repository scanning in 71 ms. Found 5 JPA repository interfaces.
&amp#27;[31m2023-09-19 17:54:54,255&amp#27;[0;39m &amp#27;[34mINFO &amp#27;[0;39m [&amp#27;[33mmain&amp#27;[0;39m] : HHH000204: Processing PersistenceUnitInfo [name: default]
&amp#27;[31m2023-09-19 17:54:54,360&amp#27;[0;39m &amp#27;[34mINFO &amp#27;[0;39m [&amp#27;[33mmain&amp#27;[0;39m] : HHH000412: Hibernate ORM core version 6.2.7.Final
&amp#27;[31m2023-09-19 17:54:54,363&amp#27;[0;39m &amp#27;[34mINFO &amp#27;[0;39m [&amp#27;[33mmain&amp#27;[0;39m] : HHH000406: Using bytecode reflection optimizer
&amp#27;[31m2023-09-19 17:54:54,642&amp#27;[0;39m &amp#27;[34mINFO &amp#27;[0;39m [&amp#27;[33mmain&amp#27;[0;39m] : HHH000021: Bytecode provider name : bytebuddy
&amp#27;[31m2023-09-19 17:54:54,834&amp#27;[0;39m &amp#27;[34mINFO &amp#27;[0;39m [&amp#27;[33mmain&amp#27;[0;39m] : No LoadTimeWeaver setup: ignoring JPA class transformer
&amp#27;[31m2023-09-19 17:54:54,853&amp#27;[0;39m &amp#27;[34mINFO &amp#27;[0;39m [&amp#27;[33mmain&amp#27;[0;39m] : HikariPool-1 - Starting...
&amp#27;[31m2023-09-19 17:54:55,041&amp#27;[0;39m &amp#27;[34mINFO &amp#27;[0;39m [&amp#27;[33mmain&amp#27;[0;39m] : HikariPool-1 - Added connection org.postgresql.jdbc.PgConnection@5a6f6cac
&amp#27;[31m2023-09-19 17:54:55,044&amp#27;[0;39m &amp#27;[34mINFO &amp#27;[0;39m [&amp#27;[33mmain&amp#27;[0;39m] : HikariPool-1 - Start completed.
&amp#27;[31m2023-09-19 17:54:55,361&amp#27;[0;39m &amp#27;[34mINFO &amp#27;[0;39m [&amp#27;[33mmain&amp#27;[0;39m] : HHH000021: Bytecode provider name : bytebuddy
&amp#27;[31m2023-09-19 17:54:56,045&amp#27;[0;39m &amp#27;[34mINFO &amp#27;[0;39m [&amp#27;[33mmain&amp#27;[0;39m] : HHH000490: Using JtaPlatform implementation: [org.hibernate.engine.transaction.jta.platform.internal.NoJtaPlatform]
Hibernate: 
    alter table if exists bill 
       alter column product_details set data type json
Hibernate: 
    alter table if exists reset_token 
       alter column expiration_date set data type timestamp(6)
&amp#27;[31m2023-09-19 17:54:56,177&amp#27;[0;39m &amp#27;[34mINFO &amp#27;[0;39m [&amp#27;[33mmain&amp#27;[0;39m] : Initialized JPA EntityManagerFactory for persistence unit 'default'
&amp#27;[31m2023-09-19 17:54:56,694&amp#27;[0;39m &amp#27;[34mINFO &amp#27;[0;39m [&amp#27;[33mmain&amp#27;[0;39m] : Hibernate is in classpath; If applicable, HQL parser will be used.
&amp#27;[31m2023-09-19 17:54:58,631&amp#27;[0;39m &amp#27;[34mINFO &amp#27;[0;39m [&amp#27;[33mmain&amp#27;[0;39m] : Will secure any request with [org.springframework.security.web.session.DisableEncodeUrlFilter@28fdce67, org.springframework.security.web.context.request.async.WebAsyncManagerIntegrationFilter@24c9a52a, org.springframework.security.web.context.SecurityContextHolderFilter@1cb09347, org.springframework.security.web.header.HeaderWriterFilter@63c6579, org.springframework.web.filter.CorsFilter@55105271, org.springframework.security.web.authentication.logout.LogoutFilter@2251cc2e, com.example.cafemanagementsystem.jwt.JwtAuthenticationFilter@7833407, org.springframework.security.web.savedrequest.RequestCacheAwareFilter@7ba5d307, org.springframework.security.web.servletapi.SecurityContextHolderAwareRequestFilter@684001e6, org.springframework.security.web.authentication.AnonymousAuthenticationFilter@126a8548, org.springframework.security.web.session.SessionManagementFilter@74f1e112, org.springframework.security.web.access.ExceptionTranslationFilter@42b4cce1, org.springframework.security.web.access.intercept.AuthorizationFilter@6f8c6694]
&amp#27;[31m2023-09-19 17:54:59,043&amp#27;[0;39m &amp#27;[34mINFO &amp#27;[0;39m [&amp#27;[33mmain&amp#27;[0;39m] : Started CafeManagementSystemApplicationTests in 8.151 seconds (process running for 9.826)
]]></system-out>
  </testcase>
</testsuite>